<?xml version="1.0" encoding="UTF-8"?>
<!-- Generated by org.testng.reporters.JUnitReportReporter -->
<testsuite hostname="DESKTOP-5EVK54D" failures="0" tests="1" name="apprunnner.AccountDetailsRunner" time="0.365" errors="0" timestamp="2024-01-29T20:58:20 IST" skipped="0">
  <testcase classname="apprunnner.AccountDetailsRunner" name="runScenario" time="0.365"/>
  <system-out/>
</testsuite> <!-- apprunnner.AccountDetailsRunner -->
