<?xml version="1.0" encoding="UTF-8"?>
<!-- Generated by org.testng.reporters.JUnitReportReporter -->
<testsuite hostname="DESKTOP-5EVK54D" failures="0" tests="3" name="apprunnner.ProfileRunner" time="0.641" errors="0" timestamp="2024-01-31T20:43:36 IST" skipped="0">
  <testcase classname="apprunnner.ProfileRunner" name="runScenario" time="0.104"/>
  <system-out/>
  <testcase classname="apprunnner.ProfileRunner" name="runScenario" time="0.130"/>
  <system-out/>
  <testcase classname="apprunnner.ProfileRunner" name="runScenario" time="0.407"/>
  <system-out/>
</testsuite> <!-- apprunnner.ProfileRunner -->
