<?xml version="1.0" encoding="UTF-8"?>
<!-- Generated by org.testng.reporters.JUnitReportReporter -->
<testsuite hostname="DESKTOP-5EVK54D" failures="0" tests="4" name="apprunnner.ScenarioOutlineRunner" time="0.526" errors="0" timestamp="2024-01-26T21:30:15 IST" skipped="0">
  <testcase classname="apprunnner.ScenarioOutlineRunner" name="runScenario" time="0.077"/>
  <system-out/>
  <testcase classname="apprunnner.ScenarioOutlineRunner" name="runScenario" time="0.091"/>
  <system-out/>
  <testcase classname="apprunnner.ScenarioOutlineRunner" name="runScenario" time="0.055"/>
  <system-out/>
  <testcase classname="apprunnner.ScenarioOutlineRunner" name="runScenario" time="0.303"/>
  <system-out/>
</testsuite> <!-- apprunnner.ScenarioOutlineRunner -->
