<?xml version="1.0" encoding="UTF-8"?>
<!-- Generated by org.testng.reporters.JUnitReportReporter -->
<testsuite hostname="DESKTOP-5EVK54D" failures="0" tests="1" name="uiappfeature.AmazonTestRunner" time="18.168" errors="0" timestamp="2024-02-07T21:25:28 IST" skipped="0">
  <testcase classname="uiappfeature.AmazonTestRunner" name="runScenario" time="18.168"/>
  <system-out/>
</testsuite> <!-- uiappfeature.AmazonTestRunner -->
