<?xml version="1.0" encoding="UTF-8"?>
<!-- Generated by org.testng.reporters.JUnitReportReporter -->
<testsuite hostname="DESKTOP-5EVK54D" failures="0" tests="1" name="apprunnner.CampaignRunner" time="0.388" errors="0" timestamp="2024-01-31T21:19:12 IST" skipped="0">
  <testcase classname="apprunnner.CampaignRunner" name="runScenario" time="0.388"/>
  <system-out/>
</testsuite> <!-- apprunnner.CampaignRunner -->
