<?xml version="1.0" encoding="UTF-8"?>
<!-- Generated by org.testng.reporters.JUnitReportReporter -->
<testsuite hostname="DESKTOP-5EVK54D" failures="0" tests="3" name="apprunnner.ProfileRunner" time="0.588" errors="0" timestamp="2024-01-30T21:12:12 IST" skipped="0">
  <testcase classname="apprunnner.ProfileRunner" name="runScenario" time="0.128"/>
  <system-out/>
  <testcase classname="apprunnner.ProfileRunner" name="runScenario" time="0.384"/>
  <system-out/>
  <testcase classname="apprunnner.ProfileRunner" name="runScenario" time="0.076"/>
  <system-out/>
</testsuite> <!-- apprunnner.ProfileRunner -->
