<?xml version="1.0" encoding="UTF-8"?>
<!-- Generated by org.testng.reporters.JUnitReportReporter -->
<testsuite hostname="DESKTOP-5EVK54D" failures="0" tests="1" name="apprunnner.ProductRunner" time="0.675" errors="0" timestamp="2024-02-02T20:54:24 IST" skipped="0">
  <testcase classname="apprunnner.ProductRunner" name="runScenario" time="0.675"/>
  <system-out/>
</testsuite> <!-- apprunnner.ProductRunner -->
